<?xml version="1.0" encoding="UTF-8"?>
<!-- Generated by org.testng.reporters.JUnitReportReporter -->
<testsuite skipped="0" hostname="LAPTOP-EAS88SUS" name="test.AddCustmerTest" tests="1" failures="0" timestamp="12 Jan 2023 23:46:33 GMT" time="6.685" errors="0">
  <testcase name="validUserShouldBeAbleToAddCustomer" time="6.685" classname="test.AddCustmerTest"/>
</testsuite> <!-- test.AddCustmerTest -->
