<?xml version="1.0" encoding="UTF-8"?>
<!-- Generated by org.testng.reporters.JUnitReportReporter -->
<testsuite skipped="0" hostname="LAPTOP-EAS88SUS" name="test.LoginTest" tests="1" failures="0" timestamp="11 Jan 2023 20:27:37 GMT" time="20.088" errors="0">
  <testcase name="validUsershouldBeAbleToLogin" time="20.088" classname="test.LoginTest"/>
</testsuite> <!-- test.LoginTest -->
